<?xml version="1.0" encoding="UTF-8"?>
<!-- Generated by org.testng.reporters.JUnitReportReporter -->
<testsuite skipped="0" hostname="DESKTOP-MQGQOGA" name="com.qatesting.testscenarios.HomePage" tests="2" failures="0" timestamp="03 Oct 2020 03:39:40 GMT" time="9.132" errors="0">
  <testcase name="basePageNavigation" time="5.844" classname="com.qatesting.testscenarios.HomePage"/>
  <testcase name="basePageNavigation" time="3.288" classname="com.qatesting.testscenarios.HomePage"/>
</testsuite> <!-- com.qatesting.testscenarios.HomePage -->
