<?xml version="1.0" encoding="UTF-8"?>
<!-- Generated by org.testng.reporters.JUnitReportReporter -->
<testsuite skipped="0" hostname="DESKTOP-MQGQOGA" name="Academy.validateNavigationBar" tests="1" failures="0" timestamp="2020-09-03T18:21:45 EDT" time="1.469" errors="0">
  <testcase name="validateAppNavBar" time="1.469" classname="Academy.validateNavigationBar"/>
  <system-out/>
</testsuite> <!-- Academy.validateNavigationBar -->
