<?xml version="1.0" encoding="UTF-8"?>
<!-- Generated by org.testng.reporters.JUnitReportReporter -->
<testsuite skipped="0" hostname="DESKTOP-MQGQOGA" name="Academy.validateTitle" tests="2" failures="0" timestamp="12 Sep 2020 19:00:58 GMT" time="0.698" errors="0">
  <testcase name="validateAppTitle" time="0.481" classname="Academy.validateTitle"/>
  <testcase name="validateHeader" time="0.217" classname="Academy.validateTitle"/>
</testsuite> <!-- Academy.validateTitle -->
