<?xml version="1.0" encoding="UTF-8"?>
<!-- Generated by org.testng.reporters.JUnitReportReporter -->
<testsuite skipped="0" hostname="DESKTOP-MQGQOGA" name="com.qatesting.testscenarios.validateNavigationBar" tests="1" failures="0" timestamp="03 Oct 2020 03:39:40 GMT" time="0.361" errors="0">
  <testcase name="validateAppNavBar" time="0.361" classname="com.qatesting.testscenarios.validateNavigationBar"/>
</testsuite> <!-- com.qatesting.testscenarios.validateNavigationBar -->
