<?xml version="1.0" encoding="UTF-8"?>
<!-- Generated by org.testng.reporters.JUnitReportReporter -->
<testsuite skipped="0" hostname="DESKTOP-MQGQOGA" name="Academy.HomePage" tests="2" failures="0" timestamp="2020-09-03T17:32:57 EDT" time="12.718" errors="0">
  <testcase name="basePageNavigation" time="7.964" classname="Academy.HomePage"/>
  <system-out/>
  <testcase name="basePageNavigation" time="4.754" classname="Academy.HomePage"/>
  <system-out/>
</testsuite> <!-- Academy.HomePage -->
