<?xml version="1.0" encoding="UTF-8"?>
<!-- Generated by org.testng.reporters.JUnitReportReporter -->
<testsuite skipped="0" hostname="DESKTOP-MQGQOGA" name="com.qatesting.testscenarios.validateTitle" tests="2" failures="0" timestamp="03 Oct 2020 03:39:40 GMT" time="0.256" errors="0">
  <testcase name="validateHeader" time="0.043" classname="com.qatesting.testscenarios.validateTitle"/>
  <testcase name="validateAppTitle" time="0.213" classname="com.qatesting.testscenarios.validateTitle"/>
</testsuite> <!-- com.qatesting.testscenarios.validateTitle -->
